d:\github\learnopengl\youtubeopengl\x64\debug\vc143.pdb
d:\github\learnopengl\youtubeopengl\x64\debug\vc143.idb
d:\github\learnopengl\youtubeopengl\x64\debug\vbo.obj
d:\github\learnopengl\youtubeopengl\x64\debug\vao.obj
d:\github\learnopengl\youtubeopengl\x64\debug\texture.obj
d:\github\learnopengl\youtubeopengl\x64\debug\stb.obj
d:\github\learnopengl\youtubeopengl\x64\debug\shaderclass.obj
d:\github\learnopengl\youtubeopengl\x64\debug\main.obj
d:\github\learnopengl\youtubeopengl\x64\debug\ebo.obj
d:\github\learnopengl\youtubeopengl\x64\debug\glad.obj
d:\github\learnopengl\youtubeopengl\x64\debug\youtubeopengl.exe
d:\github\learnopengl\youtubeopengl\x64\debug\youtubeopengl.ilk
d:\github\learnopengl\youtubeopengl\x64\debug\youtubeopengl.pdb
d:\github\learnopengl\youtubeopengl\x64\debug\camera.obj
d:\github\learnopengl\youtubeopengl\x64\debug\youtubeopengl.tlog\cl.command.1.tlog
d:\github\learnopengl\youtubeopengl\x64\debug\youtubeopengl.tlog\cl.read.1.tlog
d:\github\learnopengl\youtubeopengl\x64\debug\youtubeopengl.tlog\cl.write.1.tlog
d:\github\learnopengl\youtubeopengl\x64\debug\youtubeopengl.tlog\link.command.1.tlog
d:\github\learnopengl\youtubeopengl\x64\debug\youtubeopengl.tlog\link.read.1.tlog
d:\github\learnopengl\youtubeopengl\x64\debug\youtubeopengl.tlog\link.write.1.tlog
